2025-12-04 00:13:02,024 - CodeSwarm - INFO - AgentOS: Starting CodeSwarm for goal: Test Goal
2025-12-04 00:13:02,024 - CodeSwarm - INFO - === Round 1 ===
2025-12-04 00:13:02,024 - CodeSwarm - INFO - AgentOS: Planning Phase...
2025-12-04 00:13:02,025 - CodeSwarm - INFO - AgentOS: Generated 1 new tasks.
2025-12-04 00:13:02,025 - CodeSwarm - ERROR - AgentOS: Error saving state: [Errno 2] No such file or directory: 'test_project_output/codeswarm_state.json'
2025-12-04 00:13:02,025 - CodeSwarm - INFO - AgentOS: Execution Phase...
2025-12-04 00:13:02,027 - CodeSwarm - INFO -   [Dev 1] /app/test_project_output/hello.py (Attempt 1/3)...
2025-12-04 00:13:02,027 - CodeSwarm - INFO -   [Revisor 1] Reviewing (Attempt 1/3)...
2025-12-04 00:13:02,028 - CodeSwarm - INFO -   [Revisor 1] Approved!
2025-12-04 00:13:02,028 - CodeSwarm - ERROR - AgentOS: Error saving state: [Errno 2] No such file or directory: 'test_project_output/codeswarm_state.json'
2025-12-04 00:13:02,028 - CodeSwarm - INFO - AgentOS: Logging Phase...
2025-12-04 00:13:02,028 - CodeSwarm - INFO - AgentOS: Logger Status: success. Message: Logs updated
2025-12-04 00:13:02,029 - CodeSwarm - ERROR - AgentOS: Error saving state: [Errno 2] No such file or directory: 'test_project_output/codeswarm_state.json'
2025-12-04 00:13:02,029 - CodeSwarm - INFO - AgentOS: Workflow Finished.
2025-12-04 00:13:17,800 - CodeSwarm - INFO - AgentOS: Starting CodeSwarm for goal: Test Goal
2025-12-04 00:13:17,800 - CodeSwarm - INFO - === Round 1 ===
2025-12-04 00:13:17,800 - CodeSwarm - INFO - AgentOS: Planning Phase...
2025-12-04 00:13:17,800 - CodeSwarm - INFO - AgentOS: Generated 1 new tasks.
2025-12-04 00:13:17,801 - CodeSwarm - ERROR - AgentOS: Error saving state: [Errno 2] No such file or directory: '/tmp/project/codeswarm_state.json'
2025-12-04 00:13:17,801 - CodeSwarm - INFO - AgentOS: Execution Phase...
2025-12-04 00:13:17,802 - CodeSwarm - INFO -   [Dev 1] /tmp/test.py (Attempt 1/3)...
2025-12-04 00:13:17,802 - CodeSwarm - INFO -   [Revisor 1] Reviewing (Attempt 1/3)...
2025-12-04 00:13:17,802 - CodeSwarm - INFO -   [Revisor 1] Approved!
2025-12-04 00:13:17,803 - CodeSwarm - ERROR - AgentOS: Error saving state: [Errno 2] No such file or directory: '/tmp/project/codeswarm_state.json'
2025-12-04 00:13:17,803 - CodeSwarm - INFO - AgentOS: Logging Phase...
2025-12-04 00:13:17,803 - CodeSwarm - INFO - AgentOS: Logger Status: success. Message: Logged
2025-12-04 00:13:17,803 - CodeSwarm - ERROR - AgentOS: Error saving state: [Errno 2] No such file or directory: '/tmp/project/codeswarm_state.json'
2025-12-04 00:13:17,803 - CodeSwarm - INFO - AgentOS: Workflow Finished.
