2025-12-04 00:13:02,024 - CodeSwarm - INFO - AgentOS: Starting CodeSwarm for goal: Test Goal
2025-12-04 00:13:02,024 - CodeSwarm - INFO - === Round 1 ===
2025-12-04 00:13:02,024 - CodeSwarm - INFO - AgentOS: Planning Phase...
2025-12-04 00:13:02,025 - CodeSwarm - INFO - AgentOS: Generated 1 new tasks.
2025-12-04 00:13:02,025 - CodeSwarm - ERROR - AgentOS: Error saving state: [Errno 2] No such file or directory: 'test_project_output/codeswarm_state.json'
2025-12-04 00:13:02,025 - CodeSwarm - INFO - AgentOS: Execution Phase...
2025-12-04 00:13:02,027 - CodeSwarm - INFO -   [Dev 1] /app/test_project_output/hello.py (Attempt 1/3)...
2025-12-04 00:13:02,027 - CodeSwarm - INFO -   [Revisor 1] Reviewing (Attempt 1/3)...
2025-12-04 00:13:02,028 - CodeSwarm - INFO -   [Revisor 1] Approved!
2025-12-04 00:13:02,028 - CodeSwarm - ERROR - AgentOS: Error saving state: [Errno 2] No such file or directory: 'test_project_output/codeswarm_state.json'
2025-12-04 00:13:02,028 - CodeSwarm - INFO - AgentOS: Logging Phase...
2025-12-04 00:13:02,028 - CodeSwarm - INFO - AgentOS: Logger Status: success. Message: Logs updated
2025-12-04 00:13:02,029 - CodeSwarm - ERROR - AgentOS: Error saving state: [Errno 2] No such file or directory: 'test_project_output/codeswarm_state.json'
2025-12-04 00:13:02,029 - CodeSwarm - INFO - AgentOS: Workflow Finished.
2025-12-04 00:13:17,800 - CodeSwarm - INFO - AgentOS: Starting CodeSwarm for goal: Test Goal
2025-12-04 00:13:17,800 - CodeSwarm - INFO - === Round 1 ===
2025-12-04 00:13:17,800 - CodeSwarm - INFO - AgentOS: Planning Phase...
2025-12-04 00:13:17,800 - CodeSwarm - INFO - AgentOS: Generated 1 new tasks.
2025-12-04 00:13:17,801 - CodeSwarm - ERROR - AgentOS: Error saving state: [Errno 2] No such file or directory: '/tmp/project/codeswarm_state.json'
2025-12-04 00:13:17,801 - CodeSwarm - INFO - AgentOS: Execution Phase...
2025-12-04 00:13:17,802 - CodeSwarm - INFO -   [Dev 1] /tmp/test.py (Attempt 1/3)...
2025-12-04 00:13:17,802 - CodeSwarm - INFO -   [Revisor 1] Reviewing (Attempt 1/3)...
2025-12-04 00:13:17,802 - CodeSwarm - INFO -   [Revisor 1] Approved!
2025-12-04 00:13:17,803 - CodeSwarm - ERROR - AgentOS: Error saving state: [Errno 2] No such file or directory: '/tmp/project/codeswarm_state.json'
2025-12-04 00:13:17,803 - CodeSwarm - INFO - AgentOS: Logging Phase...
2025-12-04 00:13:17,803 - CodeSwarm - INFO - AgentOS: Logger Status: success. Message: Logged
2025-12-04 00:13:17,803 - CodeSwarm - ERROR - AgentOS: Error saving state: [Errno 2] No such file or directory: '/tmp/project/codeswarm_state.json'
2025-12-04 00:13:17,803 - CodeSwarm - INFO - AgentOS: Workflow Finished.
2025-12-04 01:47:47,338 - CodeSwarm - INFO - AgentOS: Starting CodeSwarm for goal: Test Goal
2025-12-04 01:47:47,339 - CodeSwarm - INFO - === Round 1 ===
2025-12-04 01:47:47,339 - CodeSwarm - INFO - AgentOS: Planning Phase...
2025-12-04 01:47:47,340 - CodeSwarm - INFO - AgentOS: Generated 1 new tasks.
2025-12-04 01:47:47,340 - CodeSwarm - ERROR - AgentOS: Error saving state: [Errno 2] No such file or directory: 'test_project_output/codeswarm_state.json'
2025-12-04 01:47:47,340 - CodeSwarm - INFO - AgentOS: Execution Phase...
2025-12-04 01:47:47,342 - CodeSwarm - INFO -   [Dev 1] /app/test_project_output/hello.py (Attempt 1/3)...
2025-12-04 01:47:47,343 - CodeSwarm - INFO -   [Revisor 1] Reviewing (Attempt 1/3)...
2025-12-04 01:47:47,343 - CodeSwarm - INFO -   [Revisor 1] Approved!
2025-12-04 01:47:47,343 - CodeSwarm - ERROR - AgentOS: Error saving state: [Errno 2] No such file or directory: 'test_project_output/codeswarm_state.json'
2025-12-04 01:47:47,344 - CodeSwarm - INFO - AgentOS: Logging Phase...
2025-12-04 01:47:47,344 - CodeSwarm - INFO - AgentOS: Logger Status: success. Message: Logs updated
2025-12-04 01:47:47,344 - CodeSwarm - ERROR - AgentOS: Error saving state: [Errno 2] No such file or directory: 'test_project_output/codeswarm_state.json'
2025-12-04 01:47:47,344 - CodeSwarm - INFO - AgentOS: Workflow Finished.
2025-12-04 01:48:06,845 - CodeSwarm - INFO - AgentOS: Starting CodeSwarm for goal: Test Goal
2025-12-04 01:48:06,845 - CodeSwarm - INFO - === Round 1 ===
2025-12-04 01:48:06,845 - CodeSwarm - INFO - AgentOS: Planning Phase...
2025-12-04 01:48:06,845 - CodeSwarm - INFO - AgentOS: Generated 1 new tasks.
2025-12-04 01:48:06,846 - CodeSwarm - ERROR - AgentOS: Error saving state: [Errno 2] No such file or directory: '/tmp/project/codeswarm_state.json'
2025-12-04 01:48:06,846 - CodeSwarm - INFO - AgentOS: Execution Phase...
2025-12-04 01:48:06,847 - CodeSwarm - INFO -   [Dev 1] /tmp/test.py (Attempt 1/3)...
2025-12-04 01:48:06,847 - CodeSwarm - INFO -   [Revisor 1] Reviewing (Attempt 1/3)...
2025-12-04 01:48:06,847 - CodeSwarm - INFO -   [Revisor 1] Approved!
2025-12-04 01:48:06,848 - CodeSwarm - ERROR - AgentOS: Error saving state: [Errno 2] No such file or directory: '/tmp/project/codeswarm_state.json'
2025-12-04 01:48:06,848 - CodeSwarm - INFO - AgentOS: Logging Phase...
2025-12-04 01:48:06,848 - CodeSwarm - INFO - AgentOS: Logger Status: success. Message: Logged
2025-12-04 01:48:06,848 - CodeSwarm - ERROR - AgentOS: Error saving state: [Errno 2] No such file or directory: '/tmp/project/codeswarm_state.json'
2025-12-04 01:48:06,848 - CodeSwarm - INFO - AgentOS: Workflow Finished.
2025-12-04 01:56:46,668 - CodeSwarm - INFO - AgentOS: Starting CodeSwarm for goal: Test Goal
2025-12-04 01:56:46,669 - CodeSwarm - INFO - === Round 1 ===
2025-12-04 01:56:46,669 - CodeSwarm - INFO - AgentOS: Planning Phase...
2025-12-04 01:56:46,670 - CodeSwarm - INFO - AgentOS: Generated 1 new tasks.
2025-12-04 01:56:46,670 - CodeSwarm - ERROR - AgentOS: Error saving state: [Errno 2] No such file or directory: 'test_project_output/codeswarm_state.json'
2025-12-04 01:56:46,670 - CodeSwarm - INFO - AgentOS: Execution Phase...
2025-12-04 01:56:46,674 - CodeSwarm - INFO -   [Dev 1] /app/test_project_output/hello.py (Attempt 1/3)...
2025-12-04 01:56:46,678 - CodeSwarm - INFO -   [Revisor 1] Reviewing (Attempt 1/3)...
2025-12-04 01:56:46,678 - CodeSwarm - INFO -   [Revisor 1] Approved!
2025-12-04 01:56:46,679 - CodeSwarm - ERROR - AgentOS: Error saving state: [Errno 2] No such file or directory: 'test_project_output/codeswarm_state.json'
2025-12-04 01:56:46,679 - CodeSwarm - INFO - AgentOS: Logging Phase...
2025-12-04 01:56:46,679 - CodeSwarm - INFO - AgentOS: Logger Status: success. Message: Logs updated
2025-12-04 01:56:46,679 - CodeSwarm - ERROR - AgentOS: Error saving state: [Errno 2] No such file or directory: 'test_project_output/codeswarm_state.json'
2025-12-04 01:56:46,679 - CodeSwarm - INFO - AgentOS: Workflow Finished.
2025-12-04 02:12:40,723 - CodeSwarm - INFO - AgentOS: Starting CodeSwarm for goal: Test Goal
2025-12-04 02:12:40,723 - CodeSwarm - INFO - === Round 1 ===
2025-12-04 02:12:40,723 - CodeSwarm - INFO - AgentOS: Planning Phase...
2025-12-04 02:12:40,723 - CodeSwarm - INFO - AgentOS: Generated 1 new tasks.
2025-12-04 02:12:40,724 - CodeSwarm - ERROR - AgentOS: Error saving state: [Errno 2] No such file or directory: 'test_project_output/codeswarm_state.json'
2025-12-04 02:12:40,724 - CodeSwarm - INFO - AgentOS: Execution Phase...
2025-12-04 02:12:40,725 - CodeSwarm - INFO -   [Dev 1] /app/test_project_output/hello.py (Attempt 1/3)...
2025-12-04 02:12:40,725 - CodeSwarm - INFO -   [Revisor 1] Reviewing (Attempt 1/3)...
2025-12-04 02:12:40,726 - CodeSwarm - INFO -   [Revisor 1] Approved!
2025-12-04 02:12:40,726 - CodeSwarm - ERROR - AgentOS: Error saving state: [Errno 2] No such file or directory: 'test_project_output/codeswarm_state.json'
2025-12-04 02:12:40,726 - CodeSwarm - INFO - AgentOS: Logging Phase...
2025-12-04 02:12:40,727 - CodeSwarm - INFO - AgentOS: Logger Status: success. Message: Logs updated
2025-12-04 02:12:40,727 - CodeSwarm - ERROR - AgentOS: Error saving state: [Errno 2] No such file or directory: 'test_project_output/codeswarm_state.json'
2025-12-04 02:12:40,727 - CodeSwarm - INFO - AgentOS: Workflow Finished.
2025-12-04 02:13:20,828 - CodeSwarm - INFO - AgentOS: Starting CodeSwarm for goal: Test Goal
2025-12-04 02:13:20,828 - CodeSwarm - INFO - === Round 1 ===
2025-12-04 02:13:20,829 - CodeSwarm - INFO - AgentOS: Planning Phase...
2025-12-04 02:13:20,829 - CodeSwarm - INFO - AgentOS: Generated 1 new tasks.
2025-12-04 02:13:20,829 - CodeSwarm - ERROR - AgentOS: Error saving state: [Errno 2] No such file or directory: '/tmp/project/codeswarm_state.json'
2025-12-04 02:13:20,829 - CodeSwarm - INFO - AgentOS: Execution Phase...
2025-12-04 02:13:20,830 - CodeSwarm - INFO -   [Dev 1] /tmp/test.py (Attempt 1/3)...
2025-12-04 02:13:20,831 - CodeSwarm - INFO -   [Revisor 1] Reviewing (Attempt 1/3)...
2025-12-04 02:13:20,831 - CodeSwarm - INFO -   [Revisor 1] Approved!
2025-12-04 02:13:20,832 - CodeSwarm - ERROR - AgentOS: Error saving state: [Errno 2] No such file or directory: '/tmp/project/codeswarm_state.json'
2025-12-04 02:13:20,832 - CodeSwarm - INFO - AgentOS: Logging Phase...
2025-12-04 02:13:20,832 - CodeSwarm - INFO - AgentOS: Logger Status: success. Message: Logged
2025-12-04 02:13:20,832 - CodeSwarm - ERROR - AgentOS: Error saving state: [Errno 2] No such file or directory: '/tmp/project/codeswarm_state.json'
2025-12-04 02:13:20,832 - CodeSwarm - INFO - AgentOS: Workflow Finished.
2025-12-04 10:06:00,182 - CodeSwarm - INFO - AgentOS: Starting CodeSwarm for goal: Test Goal
2025-12-04 10:06:00,183 - CodeSwarm - INFO - === Round 1 ===
2025-12-04 10:06:00,183 - CodeSwarm - INFO - AgentOS: Strategic Planning Phase...
2025-12-04 10:06:00,492 - CodeSwarm - ERROR - AgentOS: Error in strategic planning phase: <Response [400 Bad Request]>
2025-12-04 10:06:00,492 - CodeSwarm - ERROR - AgentOS: Error saving state: [Errno 2] No such file or directory: 'test_project_output/codeswarm_state.json'
2025-12-04 10:06:00,493 - CodeSwarm - INFO - AgentOS: Planning Phase...
2025-12-04 10:06:00,493 - CodeSwarm - INFO - AgentOS: Generated 1 new tasks.
2025-12-04 10:06:00,493 - CodeSwarm - ERROR - AgentOS: Error saving state: [Errno 2] No such file or directory: 'test_project_output/codeswarm_state.json'
2025-12-04 10:06:00,493 - CodeSwarm - INFO - AgentOS: Execution Phase...
2025-12-04 10:06:00,496 - CodeSwarm - INFO -   [Knowledge] Retrieving context for: Create a hello world script...
2025-12-04 10:06:00,639 - CodeSwarm - ERROR -   [Knowledge] Error retrieving context: <Response [400 Bad Request]>
2025-12-04 10:06:00,640 - CodeSwarm - INFO -   [Dev 1] /app/test_project_output/hello.py (Attempt 1/3)...
2025-12-04 10:06:00,640 - CodeSwarm - INFO -   [Revisor 1] Reviewing (Attempt 1/3)...
2025-12-04 10:06:00,641 - CodeSwarm - INFO -   [Revisor 1] Approved!
2025-12-04 10:06:00,641 - CodeSwarm - ERROR - AgentOS: Error saving state: [Errno 2] No such file or directory: 'test_project_output/codeswarm_state.json'
2025-12-04 10:06:00,641 - CodeSwarm - INFO - AgentOS: Logging Phase...
2025-12-04 10:06:00,642 - CodeSwarm - INFO - AgentOS: Logger Status: success. Message: Logs updated
2025-12-04 10:06:00,642 - CodeSwarm - ERROR - AgentOS: Error saving state: [Errno 2] No such file or directory: 'test_project_output/codeswarm_state.json'
2025-12-04 10:06:00,642 - CodeSwarm - INFO - AgentOS: Workflow Finished.
2025-12-04 10:06:35,891 - CodeSwarm - INFO - AgentOS: Starting CodeSwarm for goal: Test Goal
2025-12-04 10:06:35,891 - CodeSwarm - INFO - === Round 1 ===
2025-12-04 10:06:35,891 - CodeSwarm - INFO - AgentOS: Strategic Planning Phase...
2025-12-04 10:06:36,107 - CodeSwarm - ERROR - AgentOS: Error in strategic planning phase: <Response [400 Bad Request]>
2025-12-04 10:06:36,107 - CodeSwarm - ERROR - AgentOS: Error saving state: [Errno 2] No such file or directory: '/tmp/project/codeswarm_state.json'
2025-12-04 10:06:36,107 - CodeSwarm - INFO - AgentOS: Planning Phase...
2025-12-04 10:06:36,107 - CodeSwarm - INFO - AgentOS: Generated 1 new tasks.
2025-12-04 10:06:36,107 - CodeSwarm - ERROR - AgentOS: Error saving state: [Errno 2] No such file or directory: '/tmp/project/codeswarm_state.json'
2025-12-04 10:06:36,108 - CodeSwarm - INFO - AgentOS: Execution Phase...
2025-12-04 10:06:36,109 - CodeSwarm - INFO -   [Knowledge] Retrieving context for: Write test code...
2025-12-04 10:06:36,239 - CodeSwarm - ERROR -   [Knowledge] Error retrieving context: <Response [400 Bad Request]>
2025-12-04 10:06:36,239 - CodeSwarm - INFO -   [Dev 1] /tmp/test.py (Attempt 1/3)...
2025-12-04 10:06:36,240 - CodeSwarm - INFO -   [Revisor 1] Reviewing (Attempt 1/3)...
2025-12-04 10:06:36,240 - CodeSwarm - INFO -   [Revisor 1] Approved!
2025-12-04 10:06:36,241 - CodeSwarm - ERROR - AgentOS: Error saving state: [Errno 2] No such file or directory: '/tmp/project/codeswarm_state.json'
2025-12-04 10:06:36,241 - CodeSwarm - INFO - AgentOS: Logging Phase...
2025-12-04 10:06:36,241 - CodeSwarm - INFO - AgentOS: Logger Status: success. Message: Logged
2025-12-04 10:06:36,242 - CodeSwarm - ERROR - AgentOS: Error saving state: [Errno 2] No such file or directory: '/tmp/project/codeswarm_state.json'
2025-12-04 10:06:36,242 - CodeSwarm - INFO - AgentOS: Workflow Finished.
2025-12-04 10:46:40,300 - CodeSwarm - INFO - AgentOS: Starting CodeSwarm for goal: Test Goal
2025-12-04 10:46:40,301 - CodeSwarm - INFO - === Round 1 ===
2025-12-04 10:46:40,301 - CodeSwarm - INFO - AgentOS: Strategic Planning Phase...
2025-12-04 10:46:40,301 - CodeSwarm - INFO - AgentOS: Planner generated strategic update.
2025-12-04 10:46:40,302 - CodeSwarm - INFO - AgentOS: State saved to /tmp/codeswarm_flow_test_w8jvc_wh/codeswarm_state.json
2025-12-04 10:46:40,303 - CodeSwarm - INFO - AgentOS: Planning Phase...
2025-12-04 10:46:40,303 - CodeSwarm - INFO - AgentOS: Generated 1 new tasks.
2025-12-04 10:46:40,303 - CodeSwarm - INFO - AgentOS: State saved to /tmp/codeswarm_flow_test_w8jvc_wh/codeswarm_state.json
2025-12-04 10:46:40,304 - CodeSwarm - INFO - AgentOS: Execution Phase...
2025-12-04 10:46:40,306 - CodeSwarm - INFO -   [Knowledge] Retrieving context for: Create a hello world script...
2025-12-04 10:46:40,307 - CodeSwarm - INFO -   [Dev 1] /app/test_project_output/hello.py (Attempt 1/3)...
2025-12-04 10:46:40,308 - CodeSwarm - INFO -   [Revisor 1] Reviewing (Attempt 1/3)...
2025-12-04 10:46:40,308 - CodeSwarm - INFO -   [Revisor 1] Approved!
2025-12-04 10:46:40,309 - CodeSwarm - INFO - AgentOS: State saved to /tmp/codeswarm_flow_test_w8jvc_wh/codeswarm_state.json
2025-12-04 10:46:40,309 - CodeSwarm - INFO - AgentOS: Logging Phase...
2025-12-04 10:46:40,309 - CodeSwarm - INFO - AgentOS: Logger Status: success. Message: Logs updated
2025-12-04 10:46:40,310 - CodeSwarm - INFO - AgentOS: State saved to /tmp/codeswarm_flow_test_w8jvc_wh/codeswarm_state.json
2025-12-04 10:46:40,310 - CodeSwarm - INFO - AgentOS: Workflow Finished.
2025-12-04 10:49:49,202 - CodeSwarm - INFO - AgentOS: Starting CodeSwarm for goal: Test Goal
2025-12-04 10:49:49,202 - CodeSwarm - INFO - === Round 1 ===
2025-12-04 10:49:49,202 - CodeSwarm - INFO - AgentOS: Strategic Planning Phase...
2025-12-04 10:49:49,202 - CodeSwarm - INFO - AgentOS: Planner generated strategic update.
2025-12-04 10:49:49,203 - CodeSwarm - INFO - AgentOS: State saved to /tmp/codeswarm_flow_test_q4z7pwuq/codeswarm_state.json
2025-12-04 10:49:49,203 - CodeSwarm - INFO - AgentOS: Planning Phase...
2025-12-04 10:49:49,203 - CodeSwarm - INFO - AgentOS: Generated 1 new tasks.
2025-12-04 10:49:49,203 - CodeSwarm - INFO - AgentOS: State saved to /tmp/codeswarm_flow_test_q4z7pwuq/codeswarm_state.json
2025-12-04 10:49:49,204 - CodeSwarm - INFO - AgentOS: Execution Phase...
2025-12-04 10:49:49,205 - CodeSwarm - INFO -   [Knowledge] Retrieving context for: Create a hello world script...
2025-12-04 10:49:49,205 - CodeSwarm - INFO -   [Dev 1] /app/test_project_output/hello.py (Attempt 1/3)...
2025-12-04 10:49:49,206 - CodeSwarm - INFO -   [Revisor 1] Reviewing (Attempt 1/3)...
2025-12-04 10:49:49,206 - CodeSwarm - INFO -   [Revisor 1] Approved!
2025-12-04 10:49:49,207 - CodeSwarm - INFO - AgentOS: State saved to /tmp/codeswarm_flow_test_q4z7pwuq/codeswarm_state.json
2025-12-04 10:49:49,207 - CodeSwarm - INFO - AgentOS: Logging Phase...
2025-12-04 10:49:49,207 - CodeSwarm - INFO - AgentOS: Logger Status: success. Message: Logs updated
2025-12-04 10:49:49,208 - CodeSwarm - INFO - AgentOS: State saved to /tmp/codeswarm_flow_test_q4z7pwuq/codeswarm_state.json
2025-12-04 10:49:49,208 - CodeSwarm - INFO - AgentOS: Workflow Finished.
2025-12-04 10:50:36,587 - CodeSwarm - INFO - AgentOS: Starting CodeSwarm for goal: Test Goal
2025-12-04 10:50:36,587 - CodeSwarm - INFO - === Round 1 ===
2025-12-04 10:50:36,587 - CodeSwarm - INFO - AgentOS: Strategic Planning Phase...
2025-12-04 10:50:36,838 - CodeSwarm - ERROR - AgentOS: Error in strategic planning phase: <Response [400 Bad Request]>
2025-12-04 10:50:36,838 - CodeSwarm - ERROR - AgentOS: Error saving state: [Errno 2] No such file or directory: '/tmp/project/codeswarm_state.json'
2025-12-04 10:50:36,839 - CodeSwarm - INFO - AgentOS: Planning Phase...
2025-12-04 10:50:36,839 - CodeSwarm - INFO - AgentOS: Generated 1 new tasks.
2025-12-04 10:50:36,839 - CodeSwarm - ERROR - AgentOS: Error saving state: [Errno 2] No such file or directory: '/tmp/project/codeswarm_state.json'
2025-12-04 10:50:36,839 - CodeSwarm - INFO - AgentOS: Execution Phase...
2025-12-04 10:50:36,840 - CodeSwarm - INFO -   [Knowledge] Retrieving context for: Write test code...
2025-12-04 10:50:36,975 - CodeSwarm - ERROR -   [Knowledge] Error retrieving context: <Response [400 Bad Request]>
2025-12-04 10:50:36,975 - CodeSwarm - INFO -   [Dev 1] /tmp/test.py (Attempt 1/3)...
2025-12-04 10:50:36,975 - CodeSwarm - INFO -   [Revisor 1] Reviewing (Attempt 1/3)...
2025-12-04 10:50:36,976 - CodeSwarm - INFO -   [Revisor 1] Approved!
2025-12-04 10:50:36,976 - CodeSwarm - ERROR - AgentOS: Error saving state: [Errno 2] No such file or directory: '/tmp/project/codeswarm_state.json'
2025-12-04 10:50:36,976 - CodeSwarm - INFO - AgentOS: Logging Phase...
2025-12-04 10:50:36,977 - CodeSwarm - INFO - AgentOS: Logger Status: success. Message: Logged
2025-12-04 10:50:36,977 - CodeSwarm - ERROR - AgentOS: Error saving state: [Errno 2] No such file or directory: '/tmp/project/codeswarm_state.json'
2025-12-04 10:50:36,977 - CodeSwarm - INFO - AgentOS: Workflow Finished.
