Found 385 URLs.
Skipping http://arxiv.org/abs/2510.20333: File exists
Skipping http://arxiv.org/abs/2511.09904: File exists
Skipping http://arxiv.org/abs/2511.10952: File exists
Skipping http://arxiv.org/abs/2511.11777: File exists
Skipping http://arxiv.org/abs/2511.11793: File exists
Skipping http://arxiv.org/abs/2511.12482: File exists
Skipping http://arxiv.org/abs/2511.13288: File exists
Skipping http://arxiv.org/abs/2511.13593: File exists
Skipping http://arxiv.org/abs/2511.14010: File exists
Skipping http://arxiv.org/abs/2511.14101: File exists
Skipping http://arxiv.org/abs/2511.14130: File exists
Skipping http://arxiv.org/abs/2511.14131: File exists
Skipping http://arxiv.org/abs/2511.14210: File exists
Skipping http://arxiv.org/abs/2511.14299: File exists
Skipping http://arxiv.org/abs/2511.14378: File exists
Skipping http://arxiv.org/abs/2511.14391: File exists
Skipping http://arxiv.org/abs/2511.14439: File exists
Skipping http://arxiv.org/abs/2511.14445: File exists
Skipping http://arxiv.org/abs/2511.14446: File exists
Skipping http://arxiv.org/abs/2511.14460: File exists
Fetching http://arxiv.org/abs/2511.14584...
Saved 2511.14584.md
Fetching http://arxiv.org/abs/2511.14631...
Saved 2511.14631.md
Fetching http://arxiv.org/abs/2511.14650...
Saved 2511.14650.md
Fetching http://arxiv.org/abs/2511.14876...
Saved 2511.14876.md
Fetching http://arxiv.org/abs/2511.14910...
Saved 2511.14910.md
Fetching http://arxiv.org/abs/2511.15061...
Saved 2511.15061.md
Fetching http://arxiv.org/abs/2511.15074...
Saved 2511.15074.md
Fetching http://arxiv.org/abs/2511.15202...
Saved 2511.15202.md
Fetching http://arxiv.org/abs/2511.15203...
Saved 2511.15203.md
Fetching http://arxiv.org/abs/2511.15206...
Saved 2511.15206.md
Fetching http://arxiv.org/abs/2511.15211...
Saved 2511.15211.md
Fetching http://arxiv.org/abs/2511.15227...
Saved 2511.15227.md
Fetching http://arxiv.org/abs/2511.15239...
Saved 2511.15239.md
Fetching http://arxiv.org/abs/2511.15351...
Saved 2511.15351.md
Fetching http://arxiv.org/abs/2511.15357...
Saved 2511.15357.md
Fetching http://arxiv.org/abs/2511.15358...
Saved 2511.15358.md
Fetching http://arxiv.org/abs/2511.15392...
Saved 2511.15392.md
Fetching http://arxiv.org/abs/2511.15408...
Saved 2511.15408.md
Fetching http://arxiv.org/abs/2511.15456...
Saved 2511.15456.md
Fetching http://arxiv.org/abs/2511.15567...
Saved 2511.15567.md
Fetching http://arxiv.org/abs/2511.15573...
Saved 2511.15573.md
Fetching http://arxiv.org/abs/2511.15915...
Saved 2511.15915.md
Fetching http://arxiv.org/abs/2511.15998...
Saved 2511.15998.md
Fetching http://arxiv.org/abs/2511.16005...
Saved 2511.16005.md
Fetching http://arxiv.org/abs/2511.16043...
Saved 2511.16043.md
Fetching http://arxiv.org/abs/2511.16080...
Saved 2511.16080.md
Fetching http://arxiv.org/abs/2511.16131...
Saved 2511.16131.md
Fetching http://arxiv.org/abs/2511.16223...
Saved 2511.16223.md
Fetching http://arxiv.org/abs/2511.16483...
Saved 2511.16483.md
Fetching http://arxiv.org/abs/2511.16590...
Saved 2511.16590.md
Fetching http://arxiv.org/abs/2511.16709...
Saved 2511.16709.md
Fetching http://arxiv.org/abs/2511.17052...
Saved 2511.17052.md
Fetching http://arxiv.org/abs/2511.17190...
Saved 2511.17190.md
Fetching http://arxiv.org/abs/2511.17198...
Saved 2511.17198.md
Fetching http://arxiv.org/abs/2511.17208...
Saved 2511.17208.md
Fetching http://arxiv.org/abs/2511.17315...
Saved 2511.17315.md
Fetching http://arxiv.org/abs/2511.17330...
Saved 2511.17330.md
Fetching http://arxiv.org/abs/2511.17332...
Saved 2511.17332.md
Fetching http://arxiv.org/abs/2511.17442...
Saved 2511.17442.md
Fetching http://arxiv.org/abs/2511.17467...
Saved 2511.17467.md
Fetching http://arxiv.org/abs/2511.17496...
Saved 2511.17496.md
Fetching http://arxiv.org/abs/2511.17632...
Saved 2511.17632.md
Fetching http://arxiv.org/abs/2511.17649...
Saved 2511.17649.md
Fetching http://arxiv.org/abs/2511.17653...
Saved 2511.17653.md
Fetching http://arxiv.org/abs/2511.17654...
Saved 2511.17654.md
Fetching http://arxiv.org/abs/2511.17656...
Saved 2511.17656.md
Fetching http://arxiv.org/abs/2511.17729...
Saved 2511.17729.md
Fetching http://arxiv.org/abs/2511.17775...
Saved 2511.17775.md
Fetching http://arxiv.org/abs/2511.17789...
Saved 2511.17789.md
Fetching http://arxiv.org/abs/2511.17826...
Saved 2511.17826.md
Fetching http://arxiv.org/abs/2511.17843...
Saved 2511.17843.md
Fetching http://arxiv.org/abs/2511.17854...
Saved 2511.17854.md
Fetching http://arxiv.org/abs/2511.17855...
Saved 2511.17855.md
Fetching http://arxiv.org/abs/2511.17959...
Saved 2511.17959.md
Fetching http://arxiv.org/abs/2511.18038...
Saved 2511.18038.md
Fetching http://arxiv.org/abs/2511.18114...
Saved 2511.18114.md
Fetching http://arxiv.org/abs/2511.18177...
Saved 2511.18177.md
Fetching http://arxiv.org/abs/2511.18192...
Saved 2511.18192.md
Fetching http://arxiv.org/abs/2511.18194...
Saved 2511.18194.md
Fetching http://arxiv.org/abs/2511.18200...
Saved 2511.18200.md
Fetching http://arxiv.org/abs/2511.18203...
Saved 2511.18203.md
Fetching http://arxiv.org/abs/2511.18239...
Saved 2511.18239.md
Fetching http://arxiv.org/abs/2511.18249...
Saved 2511.18249.md
Fetching http://arxiv.org/abs/2511.18258...
Saved 2511.18258.md
Fetching http://arxiv.org/abs/2511.18298...
Saved 2511.18298.md
Fetching http://arxiv.org/abs/2511.18303...
Saved 2511.18303.md
Fetching http://arxiv.org/abs/2511.18313...
Saved 2511.18313.md
Fetching http://arxiv.org/abs/2511.18319...
Saved 2511.18319.md
Fetching http://arxiv.org/abs/2511.18368...
Saved 2511.18368.md
Fetching http://arxiv.org/abs/2511.18405...
Saved 2511.18405.md
Fetching http://arxiv.org/abs/2511.18413...
Saved 2511.18413.md
Fetching http://arxiv.org/abs/2511.18414...
Saved 2511.18414.md
Fetching http://arxiv.org/abs/2511.18423...
Saved 2511.18423.md
Fetching http://arxiv.org/abs/2511.18438...
Saved 2511.18438.md
Fetching http://arxiv.org/abs/2511.18449...
Saved 2511.18449.md
Fetching http://arxiv.org/abs/2511.18467...
Saved 2511.18467.md
Fetching http://arxiv.org/abs/2511.18528...
Saved 2511.18528.md
Fetching http://arxiv.org/abs/2511.18531...
Saved 2511.18531.md
Fetching http://arxiv.org/abs/2511.18538...
Saved 2511.18538.md
Fetching http://arxiv.org/abs/2511.18622...
Saved 2511.18622.md
Fetching http://arxiv.org/abs/2511.18653...
Saved 2511.18653.md
Fetching http://arxiv.org/abs/2511.18715...
Saved 2511.18715.md
Fetching http://arxiv.org/abs/2511.18728...
Saved 2511.18728.md
Fetching http://arxiv.org/abs/2511.18743...
Saved 2511.18743.md
Fetching http://arxiv.org/abs/2511.18760...
Saved 2511.18760.md
Fetching http://arxiv.org/abs/2511.18845...
Saved 2511.18845.md
Fetching http://arxiv.org/abs/2511.18850...
Saved 2511.18850.md
Fetching http://arxiv.org/abs/2511.18868...
Saved 2511.18868.md
Fetching http://arxiv.org/abs/2511.18924...
Saved 2511.18924.md
Fetching http://arxiv.org/abs/2511.18933...
Saved 2511.18933.md
Fetching http://arxiv.org/abs/2511.19083...
Saved 2511.19083.md
Fetching http://arxiv.org/abs/2511.19109...
Saved 2511.19109.md
Fetching http://arxiv.org/abs/2511.19113...
Saved 2511.19113.md
Fetching http://arxiv.org/abs/2511.19146...
Saved 2511.19146.md
Fetching http://arxiv.org/abs/2511.19175...
Saved 2511.19175.md
Fetching http://arxiv.org/abs/2511.19253...
Saved 2511.19253.md
Fetching http://arxiv.org/abs/2511.19334...
Saved 2511.19334.md
Fetching http://arxiv.org/abs/2511.19368...
Saved 2511.19368.md
Fetching http://arxiv.org/abs/2511.19405...
Saved 2511.19405.md
Fetching http://arxiv.org/abs/2511.19417...
Saved 2511.19417.md
Batch limit reached (100 papers).
